\BOOKMARK [0][-]{section*.1}{\376\377\000S\000p\000i\000s\000\040\000t\000r\000e\001\133\000c\000i}{}% 1
\BOOKMARK [0][-]{chapter.1}{\376\377\0001\000\040\000W\000s\000t\001\031\000p}{}% 2
\BOOKMARK [1][-]{section.1.1}{\376\377\0001\000.\0001\000\040\000T\000e\000m\000a\000t\000\040\000p\000r\000a\000c\000y}{chapter.1}% 3
\BOOKMARK [1][-]{section.1.2}{\376\377\0001\000.\0002\000\040\000C\000e\000l\000\040\000p\000r\000a\000c\000y}{chapter.1}% 4
\BOOKMARK [1][-]{section.1.3}{\376\377\0001\000.\0003\000\040\000Z\000a\000k\000r\000e\000s\000\040\000p\000r\000a\000c\000y}{chapter.1}% 5
\BOOKMARK [0][-]{chapter.2}{\376\377\0002\000\040\000T\000e\000o\000r\000i\000a}{}% 6
\BOOKMARK [1][-]{section.2.1}{\376\377\0002\000.\0001\000\040\000W\000p\000r\000o\000w\000a\000d\000z\000e\000n\000i\000e}{chapter.2}% 7
\BOOKMARK [1][-]{section.2.2}{\376\377\0002\000.\0002\000\040\000G\000r\000y\000\040\000k\000o\000m\000p\000u\000t\000e\000r\000o\000w\000e}{chapter.2}% 8
\BOOKMARK [2][-]{subsection.2.2.1}{\376\377\0002\000.\0002\000.\0001\000\040\000C\000z\000y\000m\000\040\000j\000e\000s\000t\000\040\000g\000r\000a\000\040\000k\000o\000m\000p\000u\000t\000e\000r\000o\000w\000a\000?}{section.2.2}% 9
\BOOKMARK [2][-]{subsection.2.2.2}{\376\377\0002\000.\0002\000.\0002\000\040\000H\000i\000s\000t\000o\000r\000i\000a\000\040\000g\000i\000e\000r\000\040\000k\000o\000m\000p\000u\000t\000e\000r\000o\000w\000y\000c\000h}{section.2.2}% 10
\BOOKMARK [2][-]{subsection.2.2.3}{\376\377\0002\000.\0002\000.\0003\000\040\000P\000r\000o\000c\000e\000s\000\040\000t\000w\000o\000r\000z\000e\000n\000i\000a\000\040\000g\000r\000y\000\040\000k\000o\000m\000p\000u\000t\000e\000r\000o\000w\000e\000j}{section.2.2}% 11
\BOOKMARK [1][-]{section.2.3}{\376\377\0002\000.\0003\000\040\000P\000o\000d\000s\000t\000a\000w\000o\000w\000e\000\040\000p\000o\000j\001\031\000c\000i\000a\000\040\000d\000o\000t\000y\000c\000z\001\005\000c\000e\000\040\000w\000y\001\133\000w\000i\000e\000t\000l\000a\000n\000i\000a\000\040\000g\000r\000a\000f\000i\000k\000i\000\040\000w\000\040\0003\000D}{chapter.2}% 12
\BOOKMARK [2][-]{subsection.2.3.1}{\376\377\0002\000.\0003\000.\0001\000\040\000W\000e\000k\000t\000o\000r}{section.2.3}% 13
\BOOKMARK [2][-]{subsection.2.3.2}{\376\377\0002\000.\0003\000.\0002\000\040\000M\000a\000c\000i\000e\000r\000z}{section.2.3}% 14
\BOOKMARK [2][-]{subsection.2.3.3}{\376\377\0002\000.\0003\000.\0003\000\040\000K\000w\000a\000t\000e\000r\000n\000i\000o\000n}{section.2.3}% 15
\BOOKMARK [2][-]{subsection.2.3.4}{\376\377\0002\000.\0003\000.\0004\000\040\000W\000i\000e\000r\000z\000c\000h\000o\001\102\000e\000k}{section.2.3}% 16
\BOOKMARK [1][-]{section.2.4}{\376\377\0002\000.\0004\000\040\000T\000e\000c\000h\000n\000o\000l\000o\000g\000i\000a\000\040\000D\000i\000r\000e\000c\000t\000X}{chapter.2}% 17
\BOOKMARK [2][-]{subsection.2.4.1}{\376\377\0002\000.\0004\000.\0001\000\040\000H\000i\000s\000t\000o\000r\000i\000a}{section.2.4}% 18
\BOOKMARK [2][-]{subsection.2.4.2}{\376\377\0002\000.\0004\000.\0002\000\040\000D\000i\000r\000e\000c\000t\000X\000\040\000G\000r\000a\000p\000h\000i\000c\000s}{section.2.4}% 19
\BOOKMARK [2][-]{subsection.2.4.3}{\376\377\0002\000.\0004\000.\0003\000\040\000D\000i\000r\000e\000c\000t\000X\000\040\000I\000n\000p\000u\000t}{section.2.4}% 20
\BOOKMARK [2][-]{subsection.2.4.4}{\376\377\0002\000.\0004\000.\0004\000\040\000D\000i\000r\000e\000c\000t\000X\000\040\000A\000u\000d\000i\000o}{section.2.4}% 21
\BOOKMARK [2][-]{subsection.2.4.5}{\376\377\0002\000.\0004\000.\0005\000\040\000D\000i\000r\000e\000c\000t\000X\000\040\000P\000l\000a\000y}{section.2.4}% 22
\BOOKMARK [1][-]{section.2.5}{\376\377\0002\000.\0005\000\040\000P\000r\000o\000c\000e\000s\000\040\000r\000e\000n\000d\000e\000r\000i\000n\000g\000u}{chapter.2}% 23
\BOOKMARK [2][-]{subsection.2.5.1}{\376\377\0002\000.\0005\000.\0001\000\040\000W\000s\000t\001\031\000p}{section.2.5}% 24
\BOOKMARK [2][-]{subsection.2.5.2}{\376\377\0002\000.\0005\000.\0002\000\040\000P\000r\000z\000e\000k\000s\000z\000t\000a\001\102\000c\000a\000n\000i\000e\000\040\000w\000i\000e\000r\000z\000c\000h\000o\001\102\000k\000\363\000w}{section.2.5}% 25
\BOOKMARK [3][-]{subsubsection.2.5.2.1}{\376\377\0002\000.\0005\000.\0002\000.\0001\000\040\000M\000a\000c\000i\000e\000r\000z\000\040\001\133\000w\000i\000a\000t\000a}{subsection.2.5.2}% 26
\BOOKMARK [3][-]{subsubsection.2.5.2.2}{\376\377\0002\000.\0005\000.\0002\000.\0002\000\040\000M\000a\000c\000i\000e\000r\000z\000\040\000w\000i\000d\000o\000k\000u}{subsection.2.5.2}% 27
\BOOKMARK [3][-]{subsubsection.2.5.2.3}{\376\377\0002\000.\0005\000.\0002\000.\0003\000\040\000M\000a\000c\000i\000e\000r\000z\000\040\000p\000r\000o\000j\000e\000k\000c\000j\000i}{subsection.2.5.2}% 28
\BOOKMARK [2][-]{subsection.2.5.3}{\376\377\0002\000.\0005\000.\0003\000\040\000F\000i\000x\000e\000d\000-\000f\000u\000n\000c\000t\000i\000o\000n\000/\000P\000r\000o\000g\000r\000a\000m\000m\000a\000b\000l\000e\000\040\000P\000i\000p\000e\000l\000i\000n\000e}{section.2.5}% 29
\BOOKMARK [2][-]{subsection.2.5.4}{\376\377\0002\000.\0005\000.\0004\000\040\000R\000a\000s\000t\000e\000r\000y\000z\000a\000c\000j\000a}{section.2.5}% 30
\BOOKMARK [2][-]{subsection.2.5.5}{\376\377\0002\000.\0005\000.\0005\000\040\000P\000i\000x\000e\000l\000\040\000s\000h\000a\000d\000e\000r}{section.2.5}% 31
\BOOKMARK [2][-]{subsection.2.5.6}{\376\377\0002\000.\0005\000.\0006\000\040\000P\000o\000s\000t\000-\000P\000r\000o\000c\000e\000s\000s\000i\000n\000g}{section.2.5}% 32
\BOOKMARK [2][-]{subsection.2.5.7}{\376\377\0002\000.\0005\000.\0007\000\040\000O\000p\000t\000y\000m\000a\000l\000i\000z\000a\000c\000j\000a}{section.2.5}% 33
\BOOKMARK [3][-]{subsubsection.2.5.7.1}{\376\377\0002\000.\0005\000.\0007\000.\0001\000\040\000F\000r\000u\000s\000t\000r\000u\000m\000\040\000C\000u\000l\000l\000i\000n\000g}{subsection.2.5.7}% 34
\BOOKMARK [3][-]{subsubsection.2.5.7.2}{\376\377\0002\000.\0005\000.\0007\000.\0002\000\040\000O\000c\000c\000l\000u\000s\000i\000o\000n\000\040\000C\000u\000l\000l\000i\000n\000g}{subsection.2.5.7}% 35
\BOOKMARK [1][-]{section.2.6}{\376\377\0002\000.\0006\000\040\000T\000e\000c\000h\000n\000i\000k\000i\000\040\000w\000y\001\133\000w\000i\000e\000t\000l\000a\000n\000i\000a\000\040\000o\000b\000r\000a\000z\000u}{chapter.2}% 36
\BOOKMARK [2][-]{subsection.2.6.1}{\376\377\0002\000.\0006\000.\0001\000\040\000O\001\133\000w\000i\000e\000t\000l\000e\000n\000i\000e}{section.2.6}% 37
\BOOKMARK [3][-]{subsubsection.2.6.1.1}{\376\377\0002\000.\0006\000.\0001\000.\0001\000\040\000W\000s\000t\001\031\000p}{subsection.2.6.1}% 38
\BOOKMARK [3][-]{subsubsection.2.6.1.2}{\376\377\0002\000.\0006\000.\0001\000.\0002\000\040\001\171\000r\000\363\000d\001\102\000a\000\040\001\133\000w\000i\000a\000t\001\102\000a}{subsection.2.6.1}% 39
\BOOKMARK [3][-]{subsubsection.2.6.1.3}{\376\377\0002\000.\0006\000.\0001\000.\0003\000\040\000C\000i\000e\000n\000i\000o\000w\000a\000n\000i\000e\000\040\000p\001\102\000a\000s\000k\000i\000e}{subsection.2.6.1}% 40
\BOOKMARK [3][-]{subsubsection.2.6.1.4}{\376\377\0002\000.\0006\000.\0001\000.\0004\000\040\000C\000i\000e\000n\000i\000o\000w\000a\000n\000i\000e\000\040\000G\000o\000u\000r\000a\000u\000d\000a}{subsection.2.6.1}% 41
\BOOKMARK [3][-]{subsubsection.2.6.1.5}{\376\377\0002\000.\0006\000.\0001\000.\0005\000\040\000C\000i\000e\000n\000i\000o\000w\000a\000n\000i\000e\000\040\000P\000h\000o\000n\000g\000a}{subsection.2.6.1}% 42
\BOOKMARK [2][-]{subsection.2.6.2}{\376\377\0002\000.\0006\000.\0002\000\040\000T\000e\000k\000s\000t\000u\000r\000o\000w\000a\000n\000i\000e}{section.2.6}% 43
\BOOKMARK [3][-]{subsubsection.2.6.2.1}{\376\377\0002\000.\0006\000.\0002\000.\0001\000\040\000N\000a\000k\001\102\000a\000d\000a\000n\000i\000e\000\040\000t\000e\000k\000s\000t\000u\000r}{subsection.2.6.2}% 44
\BOOKMARK [3][-]{subsubsection.2.6.2.2}{\376\377\0002\000.\0006\000.\0002\000.\0002\000\040\000F\000i\000l\000t\000r\000o\000w\000a\000n\000i\000e\000\040\000t\000e\000k\000s\000t\000u\000r}{subsection.2.6.2}% 45
\BOOKMARK [3][-]{subsubsection.2.6.2.3}{\376\377\0002\000.\0006\000.\0002\000.\0003\000\040\000M\000a\000p\000o\000w\000a\000n\000i\000e\000\040\000n\000o\000r\000m\000a\000l\000n\000y\000c\000h}{subsection.2.6.2}% 46
\BOOKMARK [1][-]{section.2.7}{\376\377\0002\000.\0007\000\040\000F\000i\000z\000y\000k\000a\000\040\000w\000\040\000g\000r\000a\000c\000h\000\040\000k\000o\000m\000p\000u\000t\000e\000r\000o\000w\000y\000c\000h\000\040\000-\000\040\000b\000i\000b\000l\000i\000o\000t\000e\000k\000a\000\040\000P\000h\000y\000s\000X}{chapter.2}% 47
\BOOKMARK [2][-]{subsection.2.7.1}{\376\377\0002\000.\0007\000.\0001\000\040\000W\000s\000t\001\031\000p}{section.2.7}% 48
\BOOKMARK [2][-]{subsection.2.7.2}{\376\377\0002\000.\0007\000.\0002\000\040\000S\000c\000e\000n\000a}{section.2.7}% 49
\BOOKMARK [2][-]{subsection.2.7.3}{\376\377\0002\000.\0007\000.\0003\000\040\000A\000k\000t\000o\000r\000z\000y}{section.2.7}% 50
\BOOKMARK [2][-]{subsection.2.7.4}{\376\377\0002\000.\0007\000.\0004\000\040\000W\000y\000k\000r\000y\000w\000a\000n\000i\000e\000\040\000k\000o\000l\000i\000z\000j\000i}{section.2.7}% 51
\BOOKMARK [2][-]{subsection.2.7.5}{\376\377\0002\000.\0007\000.\0005\000\040\000S\000t\000e\000r\000o\000w\000a\000n\000i\000e\000\040\000o\000b\000i\000e\000k\000t\000a\000m\000i}{section.2.7}% 52
\BOOKMARK [2][-]{subsection.2.7.6}{\376\377\0002\000.\0007\000.\0006\000\040\000D\000e\000b\000u\000g\000o\000w\000a\000n\000i\000e\000\040\000s\000y\000m\000u\000l\000a\000c\000j\000i}{section.2.7}% 53
\BOOKMARK [2][-]{subsection.2.7.7}{\376\377\0002\000.\0007\000.\0007\000\040\000P\000o\000d\000s\000u\000m\000o\000w\000a\000n\000i\000e}{section.2.7}% 54
\BOOKMARK [1][-]{section.2.8}{\376\377\0002\000.\0008\000\040\000L\000o\000g\000i\000k\000a\000\040\000g\000r\000y\000\040\000-\000\040\000s\000k\000r\000y\000p\000t\000y}{chapter.2}% 55
\BOOKMARK [2][-]{subsection.2.8.1}{\376\377\0002\000.\0008\000.\0001\000\040\000W\000s\000t\001\031\000p}{section.2.8}% 56
\BOOKMARK [2][-]{subsection.2.8.2}{\376\377\0002\000.\0008\000.\0002\000\040\000J\001\031\000z\000y\000k\000\040\000L\000u\000a}{section.2.8}% 57
\BOOKMARK [2][-]{subsection.2.8.3}{\376\377\0002\000.\0008\000.\0003\000\040\000S\000k\001\102\000a\000d\000n\000i\000a\000\040\000j\001\031\000z\000y\000k\000a}{section.2.8}% 58
\BOOKMARK [2][-]{subsection.2.8.4}{\376\377\0002\000.\0008\000.\0004\000\040\000I\000n\000t\000e\000g\000r\000a\000c\000j\000a\000\040\000z\000\040\000j\001\031\000z\000y\000k\000i\000e\000m\000\040\000C\000+\000+}{section.2.8}% 59
\BOOKMARK [3][-]{subsubsection.2.8.4.1}{\376\377\0002\000.\0008\000.\0004\000.\0001\000\040\000T\000o\000L\000u\000a\000+\000+}{subsection.2.8.4}% 60
\BOOKMARK [3][-]{subsubsection.2.8.4.2}{\376\377\0002\000.\0008\000.\0004\000.\0002\000\040\000L\000u\000a\000B\000i\000n\000d}{subsection.2.8.4}% 61
\BOOKMARK [0][-]{chapter.3}{\376\377\0003\000\040\000P\000r\000a\000k\000t\000y\000k\000a}{}% 62
\BOOKMARK [1][-]{section.3.1}{\376\377\0003\000.\0001\000\040\000A\000r\000c\000h\000i\000t\000e\000k\000t\000u\000r\000a\000\040\000s\000i\000l\000n\000i\000k\000a}{chapter.3}% 63
\BOOKMARK [2][-]{subsection.3.1.1}{\376\377\0003\000.\0001\000.\0001\000\040\000W\000s\000t\001\031\000p}{section.3.1}% 64
\BOOKMARK [3][-]{subsubsection.3.1.1.1}{\376\377\0003\000.\0001\000.\0001\000.\0001\000\040\000N\000a\000r\000z\001\031\000d\000z\000i\000a}{subsection.3.1.1}% 65
\BOOKMARK [2][-]{subsection.3.1.2}{\376\377\0003\000.\0001\000.\0002\000\040\000I\000n\000i\000c\000j\000a\000l\000i\000z\000a\000c\000j\000a}{section.3.1}% 66
\BOOKMARK [3][-]{subsubsection.3.1.2.1}{\376\377\0003\000.\0001\000.\0002\000.\0001\000\040\000G\000a\000m\000e\000\040\000-\000\040\000g\001\102\000\363\000w\000n\000y\000\040\000o\000b\000i\000e\000k\000t\000\040\000g\000r\000y}{subsection.3.1.2}% 67
\BOOKMARK [3][-]{subsubsection.3.1.2.2}{\376\377\0003\000.\0001\000.\0002\000.\0002\000\040\000S\000t\000a\000n\000y}{subsection.3.1.2}% 68
\BOOKMARK [3][-]{subsubsection.3.1.2.3}{\376\377\0003\000.\0001\000.\0002\000.\0003\000\040\000P\001\031\000t\000l\000a\000\040\000g\000r\000y}{subsection.3.1.2}% 69
\BOOKMARK [3][-]{subsubsection.3.1.2.4}{\376\377\0003\000.\0001\000.\0002\000.\0004\000\040\000U\000a\000k\000t\000u\000a\000l\000n\000i\000a\000n\000i\000e\000\040\000l\000o\000g\000i\000k\000i}{subsection.3.1.2}% 70
\BOOKMARK [3][-]{subsubsection.3.1.2.5}{\376\377\0003\000.\0001\000.\0002\000.\0005\000\040\000W\000y\001\133\000w\000i\000e\000t\000l\000a\000n\000i\000e\000\040\000o\000b\000r\000a\000z\000u}{subsection.3.1.2}% 71
\BOOKMARK [2][-]{subsection.3.1.3}{\376\377\0003\000.\0001\000.\0003\000\040\000G\000r\000a\000f\000i\000k\000a\000\040\0002\000D\000\040\000-\000\040\000I\000n\000t\000e\000r\000f\000e\000j\000s\000\040\000u\001\174\000y\000t\000k\000o\000w\000n\000i\000k\000a}{section.3.1}% 72
\BOOKMARK [3][-]{subsubsection.3.1.3.1}{\376\377\0003\000.\0001\000.\0003\000.\0001\000\040\000G\001\102\000\363\000w\000n\000e\000\040\000m\000e\000n\000u}{subsection.3.1.3}% 73
\BOOKMARK [3][-]{subsubsection.3.1.3.2}{\376\377\0003\000.\0001\000.\0003\000.\0002\000\040\000O\000k\000n\000o\000\040\000w\000i\000a\000d\000o\000m\000o\001\133\000c\000i}{subsection.3.1.3}% 74
\BOOKMARK [2][-]{subsection.3.1.4}{\376\377\0003\000.\0001\000.\0004\000\040\000Z\000a\000s\000o\000b\000y}{section.3.1}% 75
\BOOKMARK [3][-]{subsubsection.3.1.4.1}{\376\377\0003\000.\0001\000.\0004\000.\0001\000\040\000M\000e\000n\000e\000d\001\174\000e\000r\000\040\000z\000a\000s\000o\000b\000\363\000w}{subsection.3.1.4}% 76
\BOOKMARK [2][-]{subsection.3.1.5}{\376\377\0003\000.\0001\000.\0005\000\040\000O\000b\000i\000e\000k\000t\000y\000\040\000w\000\040\000g\000r\000z\000e}{section.3.1}% 77
\BOOKMARK [3][-]{subsubsection.3.1.5.1}{\376\377\0003\000.\0001\000.\0005\000.\0001\000\040\000P\000o\000d\000s\000t\000a\000w\000o\000w\000y\000\040\000o\000b\000i\000e\000k\000t\000\040\000-\000\040\000C\000E\000n\000t\000i\000t\000y}{subsection.3.1.5}% 78
\BOOKMARK [3][-]{subsubsection.3.1.5.2}{\376\377\0003\000.\0001\000.\0005\000.\0002\000\040\000A\000k\000t\000o\000r\000\040\000w\000\040\000s\000y\000m\000u\000l\000a\000c\000j\000i\000\040\000s\000c\000e\000n\000y\000\040\000P\000h\000y\000s\000X\000\040\000-\000\040\000C\000E\000n\000t\000i\000t\000y\000E\000x}{subsection.3.1.5}% 79
\BOOKMARK [3][-]{subsubsection.3.1.5.3}{\376\377\0003\000.\0001\000.\0005\000.\0003\000\040\000S\000t\000e\000r\000o\000w\000a\000n\000i\000e}{subsection.3.1.5}% 80
\BOOKMARK [3][-]{subsubsection.3.1.5.4}{\376\377\0003\000.\0001\000.\0005\000.\0004\000\040\000O\000b\000s\001\102\000u\000g\000a\000\040\000k\000o\000l\000i\000z\000j\000i}{subsection.3.1.5}% 81
\BOOKMARK [3][-]{subsubsection.3.1.5.5}{\376\377\0003\000.\0001\000.\0005\000.\0005\000\040\001\101\001\005\000c\000z\000e\000n\000i\000e\000\040\000o\000b\000i\000e\000k\000t\000\363\000w}{subsection.3.1.5}% 82
\BOOKMARK [3][-]{subsubsection.3.1.5.6}{\376\377\0003\000.\0001\000.\0005\000.\0006\000\040\000Z\000a\000r\000z\001\005\000d\000z\000a\000n\000i\000e\000\040\000o\000b\000i\000e\000k\000t\000a\000m\000i}{subsection.3.1.5}% 83
\BOOKMARK [2][-]{subsection.3.1.6}{\376\377\0003\000.\0001\000.\0006\000\040\000S\000c\000e\000n\000a}{section.3.1}% 84
\BOOKMARK [3][-]{subsubsection.3.1.6.1}{\376\377\0003\000.\0001\000.\0006\000.\0001\000\040\000S\000y\000m\000u\000l\000a\000c\000j\000a\000\040\000f\000i\000z\000y\000c\000z\000n\000a}{subsection.3.1.6}% 85
\BOOKMARK [3][-]{subsubsection.3.1.6.2}{\376\377\0003\000.\0001\000.\0006\000.\0002\000\040\000W\000y\001\133\000w\000i\000e\000t\000l\000a\000n\000i\000e\000\040\000o\000b\000i\000e\000k\000t\000\363\000w}{subsection.3.1.6}% 86
\BOOKMARK [2][-]{subsection.3.1.7}{\376\377\0003\000.\0001\000.\0007\000\040\000K\000a\000m\000e\000r\000a}{section.3.1}% 87
\BOOKMARK [3][-]{subsubsection.3.1.7.1}{\376\377\0003\000.\0001\000.\0007\000.\0001\000\040\000S\000t\000a\000t\000y\000c\000z\000n\000a}{subsection.3.1.7}% 88
\BOOKMARK [3][-]{subsubsection.3.1.7.2}{\376\377\0003\000.\0001\000.\0007\000.\0002\000\040\000D\000y\000n\000a\000m\000i\000c\000z\000n\000a}{subsection.3.1.7}% 89
\BOOKMARK [2][-]{subsection.3.1.8}{\376\377\0003\000.\0001\000.\0008\000\040\000O\000b\000s\001\102\000u\000g\000a\000\040\000d\001\172\000w\000i\001\031\000k\000u}{section.3.1}% 90
\BOOKMARK [3][-]{subsubsection.3.1.8.1}{\376\377\0003\000.\0001\000.\0008\000.\0001\000\040\000D\001\172\000w\000i\001\031\000k\000\040\0003\000D}{subsection.3.1.8}% 91
\BOOKMARK [2][-]{subsection.3.1.9}{\376\377\0003\000.\0001\000.\0009\000\040\000Z\000a\000r\000z\001\005\000d\000z\000a\000n\000i\000e\000\040\000c\000z\000a\000s\000e\000m\000\040\000-\000\040\000T\000i\000m\000e\000r\000y}{section.3.1}% 92
\BOOKMARK [3][-]{subsubsection.3.1.9.1}{\376\377\0003\000.\0001\000.\0009\000.\0001\000\040\000T\000w\000o\000r\000z\000e\000n\000i\000e}{subsection.3.1.9}% 93
\BOOKMARK [3][-]{subsubsection.3.1.9.2}{\376\377\0003\000.\0001\000.\0009\000.\0002\000\040\000W\000y\000k\000o\000n\000y\000w\000a\000n\000i\000e\000\040\000a\000k\000c\000j\000i}{subsection.3.1.9}% 94
\BOOKMARK [3][-]{subsubsection.3.1.9.3}{\376\377\0003\000.\0001\000.\0009\000.\0003\000\040\000T\000i\000m\000e\000r\000y\000\040\000s\000y\000s\000t\000e\000m\000o\000w\000e}{subsection.3.1.9}% 95
\BOOKMARK [2][-]{subsection.3.1.10}{\376\377\0003\000.\0001\000.\0001\0000\000\040\000O\000b\000s\001\102\000u\000g\000a\000\040\000s\000k\000r\000y\000p\000t\000\363\000w}{section.3.1}% 96
\BOOKMARK [3][-]{subsubsection.3.1.10.1}{\376\377\0003\000.\0001\000.\0001\0000\000.\0001\000\040\000R\000e\000j\000e\000s\000t\000r\000o\000w\000a\000n\000i\000e\000\040\000m\000e\000t\000o\000d}{subsection.3.1.10}% 97
\BOOKMARK [3][-]{subsubsection.3.1.10.2}{\376\377\0003\000.\0001\000.\0001\0000\000.\0002\000\040\000W\000y\000w\000o\001\102\000y\000w\000a\000n\000i\000e\000\040\000m\000e\000t\000o\000d\000\040\000s\000k\000r\000y\000p\000t\000o\000w\000y\000c\000h}{subsection.3.1.10}% 98
\BOOKMARK [1][-]{section.3.2}{\376\377\0003\000.\0002\000\040\000T\000w\000o\000r\000z\000e\000n\000i\000e\000\040\000g\000r\000y\000\040\000A\000t\000B\000a\000l\000l}{chapter.3}% 99
\BOOKMARK [2][-]{subsection.3.2.1}{\376\377\0003\000.\0002\000.\0001\000\040\000O\000p\000i\000s\000\040\000g\000r\000y}{section.3.2}% 100
\BOOKMARK [2][-]{subsection.3.2.2}{\376\377\0003\000.\0002\000.\0002\000\040\000W\000s\000t\001\031\000p\000n\000a\000\040\000k\000o\000n\000f\000i\000g\000u\000r\000a\000c\000j\000a}{section.3.2}% 101
\BOOKMARK [3][-]{subsubsection.3.2.2.1}{\376\377\0003\000.\0002\000.\0002\000.\0001\000\040\000Z\000m\000i\000e\000n\000n\000e\000\040\000k\000o\000n\000f\000i\000g\000u\000r\000a\000c\000y\000j\000n\000e}{subsection.3.2.2}% 102
\BOOKMARK [3][-]{subsubsection.3.2.2.2}{\376\377\0003\000.\0002\000.\0002\000.\0002\000\040\000O\000b\000s\001\102\000u\000g\000a\000\040\000z\000m\000i\000a\000n\000y\000\040\000s\000t\000a\000n\000u\000\040\000g\000r\000y}{subsection.3.2.2}% 103
\BOOKMARK [2][-]{subsection.3.2.3}{\376\377\0003\000.\0002\000.\0003\000\040\000T\000w\000o\000r\000z\000e\000n\000i\000e\000\040\000s\000c\000e\000n\000y}{section.3.2}% 104
\BOOKMARK [2][-]{subsection.3.2.4}{\376\377\0003\000.\0002\000.\0004\000\040\000P\000o\000z\000i\000o\000m\000y\000\040\000g\000r\000y}{section.3.2}% 105
\BOOKMARK [2][-]{subsection.3.2.5}{\376\377\0003\000.\0002\000.\0005\000\040\000E\000l\000e\000m\000e\000n\000t\000y\000\040\000r\000o\000z\000g\000r\000y\000w\000k\000i}{section.3.2}% 106
\BOOKMARK [3][-]{subsubsection.3.2.5.1}{\376\377\0003\000.\0002\000.\0005\000.\0001\000\040\000P\000l\000a\000t\000f\000o\000r\000m\000a\000\040\000z\000m\000i\000a\000n\000y\000\040\000t\000y\000p\000u\000\040\000k\000u\000l\000i}{subsection.3.2.5}% 107
\BOOKMARK [3][-]{subsubsection.3.2.5.2}{\376\377\0003\000.\0002\000.\0005\000.\0002\000\040\000W\000i\000a\000t\000r\000a\000k}{subsection.3.2.5}% 108
\BOOKMARK [3][-]{subsubsection.3.2.5.3}{\376\377\0003\000.\0002\000.\0005\000.\0003\000\040\000Z\000b\000i\000e\000r\000a\000n\000i\000e\000\040\000o\000b\000i\000e\000k\000t\000\363\000w}{subsection.3.2.5}% 109
\BOOKMARK [0][-]{chapter.4}{\376\377\0004\000\040\000P\000o\000d\000s\000u\000m\000o\000w\000a\000n\000i\000e}{}% 110
\BOOKMARK [1][-]{section.4.1}{\376\377\0004\000.\0001\000\040\000O\000c\000e\000n\000a\000\040\000p\000r\000o\000j\000e\000k\000t\000u}{chapter.4}% 111
\BOOKMARK [0][-]{chapter.5}{\376\377\0005\000\040\000B\000I\000B\000L\000I\000O\000G\000R\000A\000F\000I\000A}{}% 112
\BOOKMARK [0][-]{section*.2}{\376\377\000S\000p\000i\000s\000\040\000r\000y\000s\000u\000n\000k\000\363\000w}{}% 113
\BOOKMARK [0][-]{section*.3}{\376\377\000S\000p\000i\000s\000\040\000w\000y\000d\000r\000u\000k\000\363\000w}{}% 114
